<?xml version="1.0" encoding="utf-8" standalone="no"?>
<!--This file represents the results of running a test suite-->
<test-results name="D:\DevProjects\OSIM\src\OSIM\OSIM.UnitTests\bin\Debug\OSIM.UnitTests.dll" total="0" errors="0" failures="0" not-run="0" inconclusive="0" ignored="0" skipped="0" invalid="0" date="2015-05-09" time="16:12:30">
  <environment nunit-version="2.6.4.14350" clr-version="2.0.50727.5485" os-version="Microsoft Windows NT 6.1.7601 Service Pack 1" platform="Win32NT" cwd="C:\Program Files\NUnit 2.6.4\bin" machine-name="2013-20141031GB" user="Administrator" user-domain="2013-20141031GB" />
  <culture-info current-culture="zh-CN" current-uiculture="zh-CN" />
  <test-suite type="Assembly" name="D:\DevProjects\OSIM\src\OSIM\OSIM.UnitTests\bin\Debug\OSIM.UnitTests.dll" executed="True" result="Inconclusive" success="False" time="0.005" asserts="0">
    <results>
      <test-suite type="Namespace" name="OSIM" executed="True" result="Inconclusive" success="False" time="0.004" asserts="0">
        <results>
          <test-suite type="Namespace" name="UnitTests" executed="True" result="Inconclusive" success="False" time="0.003" asserts="0">
            <results>
              <test-suite type="Namespace" name="OSIM" executed="True" result="Inconclusive" success="False" time="0.003" asserts="0">
                <results>
                  <test-suite type="Namespace" name="Core" executed="True" result="Inconclusive" success="False" time="0.002" asserts="0">
                    <results>
                      <test-suite type="TestFixture" name="when_working_with_the_item_type_repository" executed="True" result="Inconclusive" success="False" time="0.001" asserts="0" />
                    </results>
                  </test-suite>
                </results>
              </test-suite>
            </results>
          </test-suite>
        </results>
      </test-suite>
    </results>
  </test-suite>
</test-results>