<?xml version="1.0" encoding="utf-8" standalone="no"?>
<!--This file represents the results of running a test suite-->
<test-results name="D:\DevProjects\OSIM\src\OSIM\OSIM.IntegrationTests\bin\Debug\OSIM.IntegrationTests.dll" total="1" errors="0" failures="0" not-run="0" inconclusive="0" ignored="0" skipped="0" invalid="0" date="2015-05-09" time="16:40:58">
  <environment nunit-version="2.6.4.14350" clr-version="2.0.50727.5485" os-version="Microsoft Windows NT 6.1.7601 Service Pack 1" platform="Win32NT" cwd="C:\Program Files\NUnit 2.6.4\bin" machine-name="2013-20141031GB" user="Administrator" user-domain="2013-20141031GB" />
  <culture-info current-culture="zh-CN" current-uiculture="zh-CN" />
  <test-suite type="Assembly" name="D:\DevProjects\OSIM\src\OSIM\OSIM.IntegrationTests\bin\Debug\OSIM.IntegrationTests.dll" executed="True" result="Success" success="True" time="2.908" asserts="0">
    <results>
      <test-suite type="Namespace" name="OSIM" executed="True" result="Success" success="True" time="2.898" asserts="0">
        <results>
          <test-suite type="Namespace" name="IntegrationTests" executed="True" result="Success" success="True" time="2.898" asserts="0">
            <results>
              <test-suite type="Namespace" name="OSIM" executed="True" result="Success" success="True" time="2.897" asserts="0">
                <results>
                  <test-suite type="Namespace" name="Persistence" executed="True" result="Success" success="True" time="2.897" asserts="0">
                    <results>
                      <test-suite type="TestFixture" name="and_attempting_to_save_and_read_a_value_from_a_datastore" executed="True" result="Success" success="True" time="2.895" asserts="0">
                        <results>
                          <test-case name="OSIM.IntegrationTests.OSIM.Persistence.and_attempting_to_save_and_read_a_value_from_a_datastore.then_the_item_type_saved_to_the_database_should_equal_the_item_type_retrieved" executed="True" result="Success" success="True" time="0.208" asserts="2" />
                        </results>
                      </test-suite>
                    </results>
                  </test-suite>
                </results>
              </test-suite>
            </results>
          </test-suite>
        </results>
      </test-suite>
    </results>
  </test-suite>
</test-results>